[2022-02-28T16:30:24.489] [ERROR] error - ReferenceError: util is not defined
    at C:\Users\Administrator\Desktop\UNTITLED\manager-server\app.js:39:18
    at async C:\Users\Administrator\Desktop\UNTITLED\manager-server\app.js:36:3
    at async serve (C:\Users\Administrator\Desktop\UNTITLED\manager-server\node_modules\.pnpm\koa-static@5.0.0\node_modules\koa-static\index.js:53:9)
    at async bodyParser (C:\Users\Administrator\Desktop\UNTITLED\manager-server\node_modules\.pnpm\koa-bodyparser@4.3.0\node_modules\koa-bodyparser\index.js:95:5)
[2022-02-28T16:30:28.053] [ERROR] error - ReferenceError: util is not defined
    at C:\Users\Administrator\Desktop\UNTITLED\manager-server\app.js:39:18
    at async C:\Users\Administrator\Desktop\UNTITLED\manager-server\app.js:36:3
    at async serve (C:\Users\Administrator\Desktop\UNTITLED\manager-server\node_modules\.pnpm\koa-static@5.0.0\node_modules\koa-static\index.js:53:9)
    at async bodyParser (C:\Users\Administrator\Desktop\UNTITLED\manager-server\node_modules\.pnpm\koa-bodyparser@4.3.0\node_modules\koa-bodyparser\index.js:95:5)
[2022-02-28T16:30:40.020] [ERROR] error - ReferenceError: util is not defined
    at C:\Users\Administrator\Desktop\UNTITLED\manager-server\app.js:39:18
    at async C:\Users\Administrator\Desktop\UNTITLED\manager-server\app.js:36:3
    at async serve (C:\Users\Administrator\Desktop\UNTITLED\manager-server\node_modules\.pnpm\koa-static@5.0.0\node_modules\koa-static\index.js:53:9)
    at async bodyParser (C:\Users\Administrator\Desktop\UNTITLED\manager-server\node_modules\.pnpm\koa-bodyparser@4.3.0\node_modules\koa-bodyparser\index.js:95:5)
[2022-02-28T16:30:55.372] [ERROR] error - ReferenceError: util is not defined
    at C:\Users\Administrator\Desktop\UNTITLED\manager-server\app.js:39:18
    at async C:\Users\Administrator\Desktop\UNTITLED\manager-server\app.js:36:3
    at async serve (C:\Users\Administrator\Desktop\UNTITLED\manager-server\node_modules\.pnpm\koa-static@5.0.0\node_modules\koa-static\index.js:53:9)
    at async bodyParser (C:\Users\Administrator\Desktop\UNTITLED\manager-server\node_modules\.pnpm\koa-bodyparser@4.3.0\node_modules\koa-bodyparser\index.js:95:5)
[2022-02-28T16:30:59.487] [ERROR] error - ReferenceError: util is not defined
    at C:\Users\Administrator\Desktop\UNTITLED\manager-server\app.js:39:18
    at async C:\Users\Administrator\Desktop\UNTITLED\manager-server\app.js:36:3
    at async serve (C:\Users\Administrator\Desktop\UNTITLED\manager-server\node_modules\.pnpm\koa-static@5.0.0\node_modules\koa-static\index.js:53:9)
    at async bodyParser (C:\Users\Administrator\Desktop\UNTITLED\manager-server\node_modules\.pnpm\koa-bodyparser@4.3.0\node_modules\koa-bodyparser\index.js:95:5)
[2022-02-28T16:31:16.924] [ERROR] error - ReferenceError: util is not defined
    at C:\Users\Administrator\Desktop\UNTITLED\manager-server\app.js:39:18
    at async C:\Users\Administrator\Desktop\UNTITLED\manager-server\app.js:36:3
    at async serve (C:\Users\Administrator\Desktop\UNTITLED\manager-server\node_modules\.pnpm\koa-static@5.0.0\node_modules\koa-static\index.js:53:9)
    at async bodyParser (C:\Users\Administrator\Desktop\UNTITLED\manager-server\node_modules\.pnpm\koa-bodyparser@4.3.0\node_modules\koa-bodyparser\index.js:95:5)
[2022-02-28T16:33:30.772] [ERROR] error - ReferenceError: util is not defined
    at C:\Users\Administrator\Desktop\UNTITLED\manager-server\app.js:39:18
    at async C:\Users\Administrator\Desktop\UNTITLED\manager-server\app.js:36:3
    at async serve (C:\Users\Administrator\Desktop\UNTITLED\manager-server\node_modules\.pnpm\koa-static@5.0.0\node_modules\koa-static\index.js:53:9)
    at async bodyParser (C:\Users\Administrator\Desktop\UNTITLED\manager-server\node_modules\.pnpm\koa-bodyparser@4.3.0\node_modules\koa-bodyparser\index.js:95:5)
[2022-02-28T16:33:32.929] [ERROR] error - ReferenceError: util is not defined
    at C:\Users\Administrator\Desktop\UNTITLED\manager-server\app.js:39:18
    at async C:\Users\Administrator\Desktop\UNTITLED\manager-server\app.js:36:3
    at async serve (C:\Users\Administrator\Desktop\UNTITLED\manager-server\node_modules\.pnpm\koa-static@5.0.0\node_modules\koa-static\index.js:53:9)
    at async bodyParser (C:\Users\Administrator\Desktop\UNTITLED\manager-server\node_modules\.pnpm\koa-bodyparser@4.3.0\node_modules\koa-bodyparser\index.js:95:5)
[2022-02-28T16:33:41.300] [ERROR] error - ReferenceError: util is not defined
    at C:\Users\Administrator\Desktop\UNTITLED\manager-server\app.js:39:18
    at async C:\Users\Administrator\Desktop\UNTITLED\manager-server\app.js:36:3
    at async serve (C:\Users\Administrator\Desktop\UNTITLED\manager-server\node_modules\.pnpm\koa-static@5.0.0\node_modules\koa-static\index.js:53:9)
    at async bodyParser (C:\Users\Administrator\Desktop\UNTITLED\manager-server\node_modules\.pnpm\koa-bodyparser@4.3.0\node_modules\koa-bodyparser\index.js:95:5)
[2022-02-28T16:33:59.753] [ERROR] error - ReferenceError: util is not defined
    at C:\Users\Administrator\Desktop\UNTITLED\manager-server\app.js:39:18
    at async C:\Users\Administrator\Desktop\UNTITLED\manager-server\app.js:36:3
    at async serve (C:\Users\Administrator\Desktop\UNTITLED\manager-server\node_modules\.pnpm\koa-static@5.0.0\node_modules\koa-static\index.js:53:9)
    at async bodyParser (C:\Users\Administrator\Desktop\UNTITLED\manager-server\node_modules\.pnpm\koa-bodyparser@4.3.0\node_modules\koa-bodyparser\index.js:95:5)
[2022-02-28T16:34:10.611] [ERROR] error - ReferenceError: util is not defined
    at C:\Users\Administrator\Desktop\UNTITLED\manager-server\app.js:39:18
    at async C:\Users\Administrator\Desktop\UNTITLED\manager-server\app.js:36:3
    at async serve (C:\Users\Administrator\Desktop\UNTITLED\manager-server\node_modules\.pnpm\koa-static@5.0.0\node_modules\koa-static\index.js:53:9)
    at async bodyParser (C:\Users\Administrator\Desktop\UNTITLED\manager-server\node_modules\.pnpm\koa-bodyparser@4.3.0\node_modules\koa-bodyparser\index.js:95:5)
[2022-02-28T16:34:15.169] [ERROR] error - ReferenceError: util is not defined
    at C:\Users\Administrator\Desktop\UNTITLED\manager-server\app.js:39:18
    at async C:\Users\Administrator\Desktop\UNTITLED\manager-server\app.js:36:3
    at async serve (C:\Users\Administrator\Desktop\UNTITLED\manager-server\node_modules\.pnpm\koa-static@5.0.0\node_modules\koa-static\index.js:53:9)
    at async bodyParser (C:\Users\Administrator\Desktop\UNTITLED\manager-server\node_modules\.pnpm\koa-bodyparser@4.3.0\node_modules\koa-bodyparser\index.js:95:5)
[2022-02-28T16:34:53.943] [ERROR] error - ReferenceError: util is not defined
    at C:\Users\Administrator\Desktop\UNTITLED\manager-server\app.js:39:18
    at async C:\Users\Administrator\Desktop\UNTITLED\manager-server\app.js:36:3
    at async serve (C:\Users\Administrator\Desktop\UNTITLED\manager-server\node_modules\.pnpm\koa-static@5.0.0\node_modules\koa-static\index.js:53:9)
    at async bodyParser (C:\Users\Administrator\Desktop\UNTITLED\manager-server\node_modules\.pnpm\koa-bodyparser@4.3.0\node_modules\koa-bodyparser\index.js:95:5)
[2022-02-28T16:34:55.887] [ERROR] error - ReferenceError: util is not defined
    at C:\Users\Administrator\Desktop\UNTITLED\manager-server\app.js:39:18
    at async C:\Users\Administrator\Desktop\UNTITLED\manager-server\app.js:36:3
    at async serve (C:\Users\Administrator\Desktop\UNTITLED\manager-server\node_modules\.pnpm\koa-static@5.0.0\node_modules\koa-static\index.js:53:9)
    at async bodyParser (C:\Users\Administrator\Desktop\UNTITLED\manager-server\node_modules\.pnpm\koa-bodyparser@4.3.0\node_modules\koa-bodyparser\index.js:95:5)
[2022-02-28T16:35:03.711] [ERROR] error - ReferenceError: util is not defined
    at C:\Users\Administrator\Desktop\UNTITLED\manager-server\app.js:39:18
    at async C:\Users\Administrator\Desktop\UNTITLED\manager-server\app.js:36:3
    at async serve (C:\Users\Administrator\Desktop\UNTITLED\manager-server\node_modules\.pnpm\koa-static@5.0.0\node_modules\koa-static\index.js:53:9)
    at async bodyParser (C:\Users\Administrator\Desktop\UNTITLED\manager-server\node_modules\.pnpm\koa-bodyparser@4.3.0\node_modules\koa-bodyparser\index.js:95:5)
[2022-02-28T16:35:43.828] [ERROR] error - ReferenceError: util is not defined
    at C:\Users\Administrator\Desktop\UNTITLED\manager-server\app.js:39:18
    at async C:\Users\Administrator\Desktop\UNTITLED\manager-server\app.js:36:3
    at async serve (C:\Users\Administrator\Desktop\UNTITLED\manager-server\node_modules\.pnpm\koa-static@5.0.0\node_modules\koa-static\index.js:53:9)
    at async bodyParser (C:\Users\Administrator\Desktop\UNTITLED\manager-server\node_modules\.pnpm\koa-bodyparser@4.3.0\node_modules\koa-bodyparser\index.js:95:5)
[2022-02-28T16:37:43.397] [ERROR] error - ReferenceError: util is not defined
    at C:\Users\Administrator\Desktop\UNTITLED\manager-server\app.js:39:18
    at async C:\Users\Administrator\Desktop\UNTITLED\manager-server\app.js:36:3
    at async serve (C:\Users\Administrator\Desktop\UNTITLED\manager-server\node_modules\.pnpm\koa-static@5.0.0\node_modules\koa-static\index.js:53:9)
    at async bodyParser (C:\Users\Administrator\Desktop\UNTITLED\manager-server\node_modules\.pnpm\koa-bodyparser@4.3.0\node_modules\koa-bodyparser\index.js:95:5)
[2022-02-28T19:12:33.582] [ERROR] error - ReferenceError: userId is not defined
    at C:\Users\Administrator\Desktop\UNTITLED\manager-server\routes\users.js:74:40
    at processTicksAndRejections (node:internal/process/task_queues:96:5)
    at async C:\Users\Administrator\Desktop\UNTITLED\manager-server\app.js:37:3
    at async serve (C:\Users\Administrator\Desktop\UNTITLED\manager-server\node_modules\.pnpm\koa-static@5.0.0\node_modules\koa-static\index.js:53:9)
    at async bodyParser (C:\Users\Administrator\Desktop\UNTITLED\manager-server\node_modules\.pnpm\koa-bodyparser@4.3.0\node_modules\koa-bodyparser\index.js:95:5)
[2022-02-28T19:12:42.312] [ERROR] error - ReferenceError: userId is not defined
    at C:\Users\Administrator\Desktop\UNTITLED\manager-server\routes\users.js:74:40
    at processTicksAndRejections (node:internal/process/task_queues:96:5)
    at async C:\Users\Administrator\Desktop\UNTITLED\manager-server\app.js:37:3
    at async serve (C:\Users\Administrator\Desktop\UNTITLED\manager-server\node_modules\.pnpm\koa-static@5.0.0\node_modules\koa-static\index.js:53:9)
    at async bodyParser (C:\Users\Administrator\Desktop\UNTITLED\manager-server\node_modules\.pnpm\koa-bodyparser@4.3.0\node_modules\koa-bodyparser\index.js:95:5)
[2022-02-28T19:13:23.367] [ERROR] error - ReferenceError: userId is not defined
    at C:\Users\Administrator\Desktop\UNTITLED\manager-server\routes\users.js:74:40
    at processTicksAndRejections (node:internal/process/task_queues:96:5)
    at async C:\Users\Administrator\Desktop\UNTITLED\manager-server\app.js:37:3
    at async serve (C:\Users\Administrator\Desktop\UNTITLED\manager-server\node_modules\.pnpm\koa-static@5.0.0\node_modules\koa-static\index.js:53:9)
    at async bodyParser (C:\Users\Administrator\Desktop\UNTITLED\manager-server\node_modules\.pnpm\koa-bodyparser@4.3.0\node_modules\koa-bodyparser\index.js:95:5)
[2022-02-28T19:13:29.841] [ERROR] error - ReferenceError: userId is not defined
    at C:\Users\Administrator\Desktop\UNTITLED\manager-server\routes\users.js:74:40
    at processTicksAndRejections (node:internal/process/task_queues:96:5)
    at async C:\Users\Administrator\Desktop\UNTITLED\manager-server\app.js:37:3
    at async serve (C:\Users\Administrator\Desktop\UNTITLED\manager-server\node_modules\.pnpm\koa-static@5.0.0\node_modules\koa-static\index.js:53:9)
    at async bodyParser (C:\Users\Administrator\Desktop\UNTITLED\manager-server\node_modules\.pnpm\koa-bodyparser@4.3.0\node_modules\koa-bodyparser\index.js:95:5)
[2022-02-28T19:13:33.847] [ERROR] error - ReferenceError: userId is not defined
    at C:\Users\Administrator\Desktop\UNTITLED\manager-server\routes\users.js:74:40
    at processTicksAndRejections (node:internal/process/task_queues:96:5)
    at async C:\Users\Administrator\Desktop\UNTITLED\manager-server\app.js:37:3
    at async serve (C:\Users\Administrator\Desktop\UNTITLED\manager-server\node_modules\.pnpm\koa-static@5.0.0\node_modules\koa-static\index.js:53:9)
    at async bodyParser (C:\Users\Administrator\Desktop\UNTITLED\manager-server\node_modules\.pnpm\koa-bodyparser@4.3.0\node_modules\koa-bodyparser\index.js:95:5)
[2022-02-28T20:15:07.844] [ERROR] error - TypeError: Cannot read properties of null (reading 'userName')
    at C:\Users\Administrator\Desktop\UNTITLED\manager-server\routes\users.js:89:52
    at processTicksAndRejections (node:internal/process/task_queues:96:5)
    at async C:\Users\Administrator\Desktop\UNTITLED\manager-server\app.js:37:3
    at async serve (C:\Users\Administrator\Desktop\UNTITLED\manager-server\node_modules\.pnpm\koa-static@5.0.0\node_modules\koa-static\index.js:53:9)
    at async bodyParser (C:\Users\Administrator\Desktop\UNTITLED\manager-server\node_modules\.pnpm\koa-bodyparser@4.3.0\node_modules\koa-bodyparser\index.js:95:5)
[2022-02-28T20:15:09.122] [ERROR] error - TypeError: Cannot read properties of null (reading 'userName')
    at C:\Users\Administrator\Desktop\UNTITLED\manager-server\routes\users.js:89:52
    at processTicksAndRejections (node:internal/process/task_queues:96:5)
    at async C:\Users\Administrator\Desktop\UNTITLED\manager-server\app.js:37:3
    at async serve (C:\Users\Administrator\Desktop\UNTITLED\manager-server\node_modules\.pnpm\koa-static@5.0.0\node_modules\koa-static\index.js:53:9)
    at async bodyParser (C:\Users\Administrator\Desktop\UNTITLED\manager-server\node_modules\.pnpm\koa-bodyparser@4.3.0\node_modules\koa-bodyparser\index.js:95:5)
[2022-02-28T20:15:11.241] [ERROR] error - TypeError: Cannot read properties of null (reading 'userName')
    at C:\Users\Administrator\Desktop\UNTITLED\manager-server\routes\users.js:89:52
    at processTicksAndRejections (node:internal/process/task_queues:96:5)
    at async C:\Users\Administrator\Desktop\UNTITLED\manager-server\app.js:37:3
    at async serve (C:\Users\Administrator\Desktop\UNTITLED\manager-server\node_modules\.pnpm\koa-static@5.0.0\node_modules\koa-static\index.js:53:9)
    at async bodyParser (C:\Users\Administrator\Desktop\UNTITLED\manager-server\node_modules\.pnpm\koa-bodyparser@4.3.0\node_modules\koa-bodyparser\index.js:95:5)
[2022-02-28T20:15:46.051] [ERROR] error - TypeError: Cannot read properties of null (reading 'userName')
    at C:\Users\Administrator\Desktop\UNTITLED\manager-server\routes\users.js:89:52
    at processTicksAndRejections (node:internal/process/task_queues:96:5)
    at async C:\Users\Administrator\Desktop\UNTITLED\manager-server\app.js:37:3
    at async serve (C:\Users\Administrator\Desktop\UNTITLED\manager-server\node_modules\.pnpm\koa-static@5.0.0\node_modules\koa-static\index.js:53:9)
    at async bodyParser (C:\Users\Administrator\Desktop\UNTITLED\manager-server\node_modules\.pnpm\koa-bodyparser@4.3.0\node_modules\koa-bodyparser\index.js:95:5)
[2022-02-28T20:15:47.019] [ERROR] error - TypeError: Cannot read properties of null (reading 'userName')
    at C:\Users\Administrator\Desktop\UNTITLED\manager-server\routes\users.js:89:52
    at processTicksAndRejections (node:internal/process/task_queues:96:5)
    at async C:\Users\Administrator\Desktop\UNTITLED\manager-server\app.js:37:3
    at async serve (C:\Users\Administrator\Desktop\UNTITLED\manager-server\node_modules\.pnpm\koa-static@5.0.0\node_modules\koa-static\index.js:53:9)
    at async bodyParser (C:\Users\Administrator\Desktop\UNTITLED\manager-server\node_modules\.pnpm\koa-bodyparser@4.3.0\node_modules\koa-bodyparser\index.js:95:5)
[2022-02-28T20:15:53.682] [ERROR] error - TypeError: Cannot read properties of null (reading 'userName')
    at C:\Users\Administrator\Desktop\UNTITLED\manager-server\routes\users.js:89:52
    at processTicksAndRejections (node:internal/process/task_queues:96:5)
    at async C:\Users\Administrator\Desktop\UNTITLED\manager-server\app.js:37:3
    at async serve (C:\Users\Administrator\Desktop\UNTITLED\manager-server\node_modules\.pnpm\koa-static@5.0.0\node_modules\koa-static\index.js:53:9)
    at async bodyParser (C:\Users\Administrator\Desktop\UNTITLED\manager-server\node_modules\.pnpm\koa-bodyparser@4.3.0\node_modules\koa-bodyparser\index.js:95:5)
[2022-02-28T20:16:33.036] [ERROR] error - TypeError: Cannot read properties of null (reading 'userName')
    at C:\Users\Administrator\Desktop\UNTITLED\manager-server\routes\users.js:89:52
    at processTicksAndRejections (node:internal/process/task_queues:96:5)
    at async C:\Users\Administrator\Desktop\UNTITLED\manager-server\app.js:37:3
    at async serve (C:\Users\Administrator\Desktop\UNTITLED\manager-server\node_modules\.pnpm\koa-static@5.0.0\node_modules\koa-static\index.js:53:9)
    at async bodyParser (C:\Users\Administrator\Desktop\UNTITLED\manager-server\node_modules\.pnpm\koa-bodyparser@4.3.0\node_modules\koa-bodyparser\index.js:95:5)
[2022-02-28T20:16:34.249] [ERROR] error - TypeError: Cannot read properties of null (reading 'userName')
    at C:\Users\Administrator\Desktop\UNTITLED\manager-server\routes\users.js:89:52
    at processTicksAndRejections (node:internal/process/task_queues:96:5)
    at async C:\Users\Administrator\Desktop\UNTITLED\manager-server\app.js:37:3
    at async serve (C:\Users\Administrator\Desktop\UNTITLED\manager-server\node_modules\.pnpm\koa-static@5.0.0\node_modules\koa-static\index.js:53:9)
    at async bodyParser (C:\Users\Administrator\Desktop\UNTITLED\manager-server\node_modules\.pnpm\koa-bodyparser@4.3.0\node_modules\koa-bodyparser\index.js:95:5)
[2022-02-28T20:16:34.521] [ERROR] error - TypeError: Cannot read properties of null (reading 'userName')
    at C:\Users\Administrator\Desktop\UNTITLED\manager-server\routes\users.js:89:52
    at processTicksAndRejections (node:internal/process/task_queues:96:5)
    at async C:\Users\Administrator\Desktop\UNTITLED\manager-server\app.js:37:3
    at async serve (C:\Users\Administrator\Desktop\UNTITLED\manager-server\node_modules\.pnpm\koa-static@5.0.0\node_modules\koa-static\index.js:53:9)
    at async bodyParser (C:\Users\Administrator\Desktop\UNTITLED\manager-server\node_modules\.pnpm\koa-bodyparser@4.3.0\node_modules\koa-bodyparser\index.js:95:5)
