[2022-02-26T14:21:02.993] [ERROR] error - ReferenceError: ctx is not defined
    at C:\Users\Administrator\Desktop\UNTITLED\manager-server\app.js:32:3
    at dispatch (C:\Users\Administrator\Desktop\UNTITLED\manager-server\node_modules\.pnpm\koa-compose@4.1.0\node_modules\koa-compose\index.js:42:32)
    at views (C:\Users\Administrator\Desktop\UNTITLED\manager-server\node_modules\.pnpm\koa-views@6.3.1\node_modules\koa-views\src\index.js:91:12)
    at dispatch (C:\Users\Administrator\Desktop\UNTITLED\manager-server\node_modules\.pnpm\koa-compose@4.1.0\node_modules\koa-compose\index.js:42:32)
    at serve (C:\Users\Administrator\Desktop\UNTITLED\manager-server\node_modules\.pnpm\koa-static@5.0.0\node_modules\koa-static\index.js:53:15)
    at async logger (C:\Users\Administrator\Desktop\UNTITLED\manager-server\node_modules\.pnpm\koa-logger@3.2.1\node_modules\koa-logger\index.js:67:7)
    at async bodyParser (C:\Users\Administrator\Desktop\UNTITLED\manager-server\node_modules\.pnpm\koa-bodyparser@4.3.0\node_modules\koa-bodyparser\index.js:95:5)
[2022-02-26T14:21:03.000] [ERROR] error - ReferenceError: ctx is not defined
    at C:\Users\Administrator\Desktop\UNTITLED\manager-server\app.js:32:3
    at dispatch (C:\Users\Administrator\Desktop\UNTITLED\manager-server\node_modules\.pnpm\koa-compose@4.1.0\node_modules\koa-compose\index.js:42:32)
    at views (C:\Users\Administrator\Desktop\UNTITLED\manager-server\node_modules\.pnpm\koa-views@6.3.1\node_modules\koa-views\src\index.js:91:12)
    at dispatch (C:\Users\Administrator\Desktop\UNTITLED\manager-server\node_modules\.pnpm\koa-compose@4.1.0\node_modules\koa-compose\index.js:42:32)
    at serve (C:\Users\Administrator\Desktop\UNTITLED\manager-server\node_modules\.pnpm\koa-static@5.0.0\node_modules\koa-static\index.js:53:15)
    at async logger (C:\Users\Administrator\Desktop\UNTITLED\manager-server\node_modules\.pnpm\koa-logger@3.2.1\node_modules\koa-logger\index.js:67:7)
    at async bodyParser (C:\Users\Administrator\Desktop\UNTITLED\manager-server\node_modules\.pnpm\koa-bodyparser@4.3.0\node_modules\koa-bodyparser\index.js:95:5)
[2022-02-26T14:21:29.683] [ERROR] error - ReferenceError: ctx is not defined
    at C:\Users\Administrator\Desktop\UNTITLED\manager-server\app.js:32:3
    at dispatch (C:\Users\Administrator\Desktop\UNTITLED\manager-server\node_modules\.pnpm\koa-compose@4.1.0\node_modules\koa-compose\index.js:42:32)
    at views (C:\Users\Administrator\Desktop\UNTITLED\manager-server\node_modules\.pnpm\koa-views@6.3.1\node_modules\koa-views\src\index.js:91:12)
    at dispatch (C:\Users\Administrator\Desktop\UNTITLED\manager-server\node_modules\.pnpm\koa-compose@4.1.0\node_modules\koa-compose\index.js:42:32)
    at serve (C:\Users\Administrator\Desktop\UNTITLED\manager-server\node_modules\.pnpm\koa-static@5.0.0\node_modules\koa-static\index.js:53:15)
    at async logger (C:\Users\Administrator\Desktop\UNTITLED\manager-server\node_modules\.pnpm\koa-logger@3.2.1\node_modules\koa-logger\index.js:67:7)
    at async bodyParser (C:\Users\Administrator\Desktop\UNTITLED\manager-server\node_modules\.pnpm\koa-bodyparser@4.3.0\node_modules\koa-bodyparser\index.js:95:5)
[2022-02-26T14:21:29.687] [ERROR] error - ReferenceError: ctx is not defined
    at C:\Users\Administrator\Desktop\UNTITLED\manager-server\app.js:32:3
    at dispatch (C:\Users\Administrator\Desktop\UNTITLED\manager-server\node_modules\.pnpm\koa-compose@4.1.0\node_modules\koa-compose\index.js:42:32)
    at views (C:\Users\Administrator\Desktop\UNTITLED\manager-server\node_modules\.pnpm\koa-views@6.3.1\node_modules\koa-views\src\index.js:91:12)
    at dispatch (C:\Users\Administrator\Desktop\UNTITLED\manager-server\node_modules\.pnpm\koa-compose@4.1.0\node_modules\koa-compose\index.js:42:32)
    at serve (C:\Users\Administrator\Desktop\UNTITLED\manager-server\node_modules\.pnpm\koa-static@5.0.0\node_modules\koa-static\index.js:53:15)
    at async logger (C:\Users\Administrator\Desktop\UNTITLED\manager-server\node_modules\.pnpm\koa-logger@3.2.1\node_modules\koa-logger\index.js:67:7)
    at async bodyParser (C:\Users\Administrator\Desktop\UNTITLED\manager-server\node_modules\.pnpm\koa-bodyparser@4.3.0\node_modules\koa-bodyparser\index.js:95:5)
[2022-02-26T16:27:33.335] [ERROR] error - UnauthorizedError: Authentication Error
    at Object.throw (C:\Users\Administrator\Desktop\UNTITLED\manager-server\node_modules\.pnpm\koa@2.13.4\node_modules\koa\lib\context.js:97:11)
    at jwt (C:\Users\Administrator\Desktop\UNTITLED\manager-server\node_modules\.pnpm\koa-jwt@4.0.3\node_modules\koa-jwt\lib\index.js:66:26)
    at async C:\Users\Administrator\Desktop\UNTITLED\manager-server\app.js:36:3
    at async serve (C:\Users\Administrator\Desktop\UNTITLED\manager-server\node_modules\.pnpm\koa-static@5.0.0\node_modules\koa-static\index.js:53:9)
    at async bodyParser (C:\Users\Administrator\Desktop\UNTITLED\manager-server\node_modules\.pnpm\koa-bodyparser@4.3.0\node_modules\koa-bodyparser\index.js:95:5)
[2022-02-26T16:27:33.344] [ERROR] error - UnauthorizedError: Authentication Error
    at Object.throw (C:\Users\Administrator\Desktop\UNTITLED\manager-server\node_modules\.pnpm\koa@2.13.4\node_modules\koa\lib\context.js:97:11)
    at jwt (C:\Users\Administrator\Desktop\UNTITLED\manager-server\node_modules\.pnpm\koa-jwt@4.0.3\node_modules\koa-jwt\lib\index.js:66:26)
    at async C:\Users\Administrator\Desktop\UNTITLED\manager-server\app.js:36:3
    at async serve (C:\Users\Administrator\Desktop\UNTITLED\manager-server\node_modules\.pnpm\koa-static@5.0.0\node_modules\koa-static\index.js:53:9)
    at async bodyParser (C:\Users\Administrator\Desktop\UNTITLED\manager-server\node_modules\.pnpm\koa-bodyparser@4.3.0\node_modules\koa-bodyparser\index.js:95:5)
[2022-02-26T16:27:38.113] [ERROR] error - UnauthorizedError: Authentication Error
    at Object.throw (C:\Users\Administrator\Desktop\UNTITLED\manager-server\node_modules\.pnpm\koa@2.13.4\node_modules\koa\lib\context.js:97:11)
    at jwt (C:\Users\Administrator\Desktop\UNTITLED\manager-server\node_modules\.pnpm\koa-jwt@4.0.3\node_modules\koa-jwt\lib\index.js:66:26)
    at async C:\Users\Administrator\Desktop\UNTITLED\manager-server\app.js:36:3
    at async serve (C:\Users\Administrator\Desktop\UNTITLED\manager-server\node_modules\.pnpm\koa-static@5.0.0\node_modules\koa-static\index.js:53:9)
    at async bodyParser (C:\Users\Administrator\Desktop\UNTITLED\manager-server\node_modules\.pnpm\koa-bodyparser@4.3.0\node_modules\koa-bodyparser\index.js:95:5)
[2022-02-26T16:27:38.117] [ERROR] error - UnauthorizedError: Authentication Error
    at Object.throw (C:\Users\Administrator\Desktop\UNTITLED\manager-server\node_modules\.pnpm\koa@2.13.4\node_modules\koa\lib\context.js:97:11)
    at jwt (C:\Users\Administrator\Desktop\UNTITLED\manager-server\node_modules\.pnpm\koa-jwt@4.0.3\node_modules\koa-jwt\lib\index.js:66:26)
    at async C:\Users\Administrator\Desktop\UNTITLED\manager-server\app.js:36:3
    at async serve (C:\Users\Administrator\Desktop\UNTITLED\manager-server\node_modules\.pnpm\koa-static@5.0.0\node_modules\koa-static\index.js:53:9)
    at async bodyParser (C:\Users\Administrator\Desktop\UNTITLED\manager-server\node_modules\.pnpm\koa-bodyparser@4.3.0\node_modules\koa-bodyparser\index.js:95:5)
[2022-02-26T16:31:26.512] [ERROR] error - ReferenceError: util is not defined
    at C:\Users\Administrator\Desktop\UNTITLED\manager-server\app.js:39:18
    at async C:\Users\Administrator\Desktop\UNTITLED\manager-server\app.js:36:3
    at async serve (C:\Users\Administrator\Desktop\UNTITLED\manager-server\node_modules\.pnpm\koa-static@5.0.0\node_modules\koa-static\index.js:53:9)
    at async bodyParser (C:\Users\Administrator\Desktop\UNTITLED\manager-server\node_modules\.pnpm\koa-bodyparser@4.3.0\node_modules\koa-bodyparser\index.js:95:5)
[2022-02-26T16:31:26.521] [ERROR] error - ReferenceError: util is not defined
    at C:\Users\Administrator\Desktop\UNTITLED\manager-server\app.js:39:18
    at async C:\Users\Administrator\Desktop\UNTITLED\manager-server\app.js:36:3
    at async serve (C:\Users\Administrator\Desktop\UNTITLED\manager-server\node_modules\.pnpm\koa-static@5.0.0\node_modules\koa-static\index.js:53:9)
    at async bodyParser (C:\Users\Administrator\Desktop\UNTITLED\manager-server\node_modules\.pnpm\koa-bodyparser@4.3.0\node_modules\koa-bodyparser\index.js:95:5)
[2022-02-26T16:32:16.883] [ERROR] error - ReferenceError: util is not defined
    at C:\Users\Administrator\Desktop\UNTITLED\manager-server\app.js:39:18
    at async C:\Users\Administrator\Desktop\UNTITLED\manager-server\app.js:36:3
    at async serve (C:\Users\Administrator\Desktop\UNTITLED\manager-server\node_modules\.pnpm\koa-static@5.0.0\node_modules\koa-static\index.js:53:9)
    at async bodyParser (C:\Users\Administrator\Desktop\UNTITLED\manager-server\node_modules\.pnpm\koa-bodyparser@4.3.0\node_modules\koa-bodyparser\index.js:95:5)
[2022-02-26T16:32:16.892] [ERROR] error - ReferenceError: util is not defined
    at C:\Users\Administrator\Desktop\UNTITLED\manager-server\app.js:39:18
    at async C:\Users\Administrator\Desktop\UNTITLED\manager-server\app.js:36:3
    at async serve (C:\Users\Administrator\Desktop\UNTITLED\manager-server\node_modules\.pnpm\koa-static@5.0.0\node_modules\koa-static\index.js:53:9)
    at async bodyParser (C:\Users\Administrator\Desktop\UNTITLED\manager-server\node_modules\.pnpm\koa-bodyparser@4.3.0\node_modules\koa-bodyparser\index.js:95:5)
[2022-02-26T16:32:48.539] [ERROR] error - ReferenceError: util is not defined
    at C:\Users\Administrator\Desktop\UNTITLED\manager-server\app.js:39:18
    at async C:\Users\Administrator\Desktop\UNTITLED\manager-server\app.js:36:3
    at async serve (C:\Users\Administrator\Desktop\UNTITLED\manager-server\node_modules\.pnpm\koa-static@5.0.0\node_modules\koa-static\index.js:53:9)
    at async bodyParser (C:\Users\Administrator\Desktop\UNTITLED\manager-server\node_modules\.pnpm\koa-bodyparser@4.3.0\node_modules\koa-bodyparser\index.js:95:5)
[2022-02-26T16:32:48.542] [ERROR] error - ReferenceError: util is not defined
    at C:\Users\Administrator\Desktop\UNTITLED\manager-server\app.js:39:18
    at async C:\Users\Administrator\Desktop\UNTITLED\manager-server\app.js:36:3
    at async serve (C:\Users\Administrator\Desktop\UNTITLED\manager-server\node_modules\.pnpm\koa-static@5.0.0\node_modules\koa-static\index.js:53:9)
    at async bodyParser (C:\Users\Administrator\Desktop\UNTITLED\manager-server\node_modules\.pnpm\koa-bodyparser@4.3.0\node_modules\koa-bodyparser\index.js:95:5)
[2022-02-26T16:33:43.259] [ERROR] error - ReferenceError: util is not defined
    at C:\Users\Administrator\Desktop\UNTITLED\manager-server\app.js:39:18
    at async C:\Users\Administrator\Desktop\UNTITLED\manager-server\app.js:36:3
    at async serve (C:\Users\Administrator\Desktop\UNTITLED\manager-server\node_modules\.pnpm\koa-static@5.0.0\node_modules\koa-static\index.js:53:9)
    at async bodyParser (C:\Users\Administrator\Desktop\UNTITLED\manager-server\node_modules\.pnpm\koa-bodyparser@4.3.0\node_modules\koa-bodyparser\index.js:95:5)
[2022-02-26T16:33:43.267] [ERROR] error - ReferenceError: util is not defined
    at C:\Users\Administrator\Desktop\UNTITLED\manager-server\app.js:39:18
    at async C:\Users\Administrator\Desktop\UNTITLED\manager-server\app.js:36:3
    at async serve (C:\Users\Administrator\Desktop\UNTITLED\manager-server\node_modules\.pnpm\koa-static@5.0.0\node_modules\koa-static\index.js:53:9)
    at async bodyParser (C:\Users\Administrator\Desktop\UNTITLED\manager-server\node_modules\.pnpm\koa-bodyparser@4.3.0\node_modules\koa-bodyparser\index.js:95:5)
[2022-02-26T16:33:49.172] [ERROR] error - ReferenceError: util is not defined
    at C:\Users\Administrator\Desktop\UNTITLED\manager-server\app.js:39:18
    at async C:\Users\Administrator\Desktop\UNTITLED\manager-server\app.js:36:3
    at async serve (C:\Users\Administrator\Desktop\UNTITLED\manager-server\node_modules\.pnpm\koa-static@5.0.0\node_modules\koa-static\index.js:53:9)
    at async bodyParser (C:\Users\Administrator\Desktop\UNTITLED\manager-server\node_modules\.pnpm\koa-bodyparser@4.3.0\node_modules\koa-bodyparser\index.js:95:5)
[2022-02-26T16:33:49.176] [ERROR] error - ReferenceError: util is not defined
    at C:\Users\Administrator\Desktop\UNTITLED\manager-server\app.js:39:18
    at async C:\Users\Administrator\Desktop\UNTITLED\manager-server\app.js:36:3
    at async serve (C:\Users\Administrator\Desktop\UNTITLED\manager-server\node_modules\.pnpm\koa-static@5.0.0\node_modules\koa-static\index.js:53:9)
    at async bodyParser (C:\Users\Administrator\Desktop\UNTITLED\manager-server\node_modules\.pnpm\koa-bodyparser@4.3.0\node_modules\koa-bodyparser\index.js:95:5)
[2022-02-26T16:35:57.058] [ERROR] error - ReferenceError: util is not defined
    at C:\Users\Administrator\Desktop\UNTITLED\manager-server\app.js:39:18
    at async C:\Users\Administrator\Desktop\UNTITLED\manager-server\app.js:36:3
    at async serve (C:\Users\Administrator\Desktop\UNTITLED\manager-server\node_modules\.pnpm\koa-static@5.0.0\node_modules\koa-static\index.js:53:9)
    at async bodyParser (C:\Users\Administrator\Desktop\UNTITLED\manager-server\node_modules\.pnpm\koa-bodyparser@4.3.0\node_modules\koa-bodyparser\index.js:95:5)
[2022-02-26T16:35:57.068] [ERROR] error - ReferenceError: util is not defined
    at C:\Users\Administrator\Desktop\UNTITLED\manager-server\app.js:39:18
    at async C:\Users\Administrator\Desktop\UNTITLED\manager-server\app.js:36:3
    at async serve (C:\Users\Administrator\Desktop\UNTITLED\manager-server\node_modules\.pnpm\koa-static@5.0.0\node_modules\koa-static\index.js:53:9)
    at async bodyParser (C:\Users\Administrator\Desktop\UNTITLED\manager-server\node_modules\.pnpm\koa-bodyparser@4.3.0\node_modules\koa-bodyparser\index.js:95:5)
[2022-02-26T16:35:59.449] [ERROR] error - ReferenceError: util is not defined
    at C:\Users\Administrator\Desktop\UNTITLED\manager-server\app.js:39:18
    at async C:\Users\Administrator\Desktop\UNTITLED\manager-server\app.js:36:3
    at async serve (C:\Users\Administrator\Desktop\UNTITLED\manager-server\node_modules\.pnpm\koa-static@5.0.0\node_modules\koa-static\index.js:53:9)
    at async bodyParser (C:\Users\Administrator\Desktop\UNTITLED\manager-server\node_modules\.pnpm\koa-bodyparser@4.3.0\node_modules\koa-bodyparser\index.js:95:5)
[2022-02-26T16:35:59.452] [ERROR] error - ReferenceError: util is not defined
    at C:\Users\Administrator\Desktop\UNTITLED\manager-server\app.js:39:18
    at async C:\Users\Administrator\Desktop\UNTITLED\manager-server\app.js:36:3
    at async serve (C:\Users\Administrator\Desktop\UNTITLED\manager-server\node_modules\.pnpm\koa-static@5.0.0\node_modules\koa-static\index.js:53:9)
    at async bodyParser (C:\Users\Administrator\Desktop\UNTITLED\manager-server\node_modules\.pnpm\koa-bodyparser@4.3.0\node_modules\koa-bodyparser\index.js:95:5)
[2022-02-26T16:36:04.396] [ERROR] error - ReferenceError: util is not defined
    at C:\Users\Administrator\Desktop\UNTITLED\manager-server\app.js:39:18
    at async C:\Users\Administrator\Desktop\UNTITLED\manager-server\app.js:36:3
    at async serve (C:\Users\Administrator\Desktop\UNTITLED\manager-server\node_modules\.pnpm\koa-static@5.0.0\node_modules\koa-static\index.js:53:9)
    at async bodyParser (C:\Users\Administrator\Desktop\UNTITLED\manager-server\node_modules\.pnpm\koa-bodyparser@4.3.0\node_modules\koa-bodyparser\index.js:95:5)
[2022-02-26T16:36:04.400] [ERROR] error - ReferenceError: util is not defined
    at C:\Users\Administrator\Desktop\UNTITLED\manager-server\app.js:39:18
    at async C:\Users\Administrator\Desktop\UNTITLED\manager-server\app.js:36:3
    at async serve (C:\Users\Administrator\Desktop\UNTITLED\manager-server\node_modules\.pnpm\koa-static@5.0.0\node_modules\koa-static\index.js:53:9)
    at async bodyParser (C:\Users\Administrator\Desktop\UNTITLED\manager-server\node_modules\.pnpm\koa-bodyparser@4.3.0\node_modules\koa-bodyparser\index.js:95:5)
[2022-02-26T16:41:57.260] [ERROR] error - ReferenceError: util is not defined
    at C:\Users\Administrator\Desktop\UNTITLED\manager-server\app.js:39:18
    at async C:\Users\Administrator\Desktop\UNTITLED\manager-server\app.js:36:3
    at async serve (C:\Users\Administrator\Desktop\UNTITLED\manager-server\node_modules\.pnpm\koa-static@5.0.0\node_modules\koa-static\index.js:53:9)
    at async bodyParser (C:\Users\Administrator\Desktop\UNTITLED\manager-server\node_modules\.pnpm\koa-bodyparser@4.3.0\node_modules\koa-bodyparser\index.js:95:5)
[2022-02-26T16:41:57.268] [ERROR] error - ReferenceError: util is not defined
    at C:\Users\Administrator\Desktop\UNTITLED\manager-server\app.js:39:18
    at async C:\Users\Administrator\Desktop\UNTITLED\manager-server\app.js:36:3
    at async serve (C:\Users\Administrator\Desktop\UNTITLED\manager-server\node_modules\.pnpm\koa-static@5.0.0\node_modules\koa-static\index.js:53:9)
    at async bodyParser (C:\Users\Administrator\Desktop\UNTITLED\manager-server\node_modules\.pnpm\koa-bodyparser@4.3.0\node_modules\koa-bodyparser\index.js:95:5)
[2022-02-26T16:42:06.174] [ERROR] error - ReferenceError: util is not defined
    at C:\Users\Administrator\Desktop\UNTITLED\manager-server\app.js:39:18
    at processTicksAndRejections (node:internal/process/task_queues:96:5)
    at async C:\Users\Administrator\Desktop\UNTITLED\manager-server\app.js:36:3
    at async serve (C:\Users\Administrator\Desktop\UNTITLED\manager-server\node_modules\.pnpm\koa-static@5.0.0\node_modules\koa-static\index.js:53:9)
    at async bodyParser (C:\Users\Administrator\Desktop\UNTITLED\manager-server\node_modules\.pnpm\koa-bodyparser@4.3.0\node_modules\koa-bodyparser\index.js:95:5)
[2022-02-26T16:42:52.281] [ERROR] error - ReferenceError: util is not defined
    at C:\Users\Administrator\Desktop\UNTITLED\manager-server\app.js:39:18
    at processTicksAndRejections (node:internal/process/task_queues:96:5)
    at async C:\Users\Administrator\Desktop\UNTITLED\manager-server\app.js:36:3
    at async serve (C:\Users\Administrator\Desktop\UNTITLED\manager-server\node_modules\.pnpm\koa-static@5.0.0\node_modules\koa-static\index.js:53:9)
    at async bodyParser (C:\Users\Administrator\Desktop\UNTITLED\manager-server\node_modules\.pnpm\koa-bodyparser@4.3.0\node_modules\koa-bodyparser\index.js:95:5)
[2022-02-26T16:42:53.833] [ERROR] error - ReferenceError: util is not defined
    at C:\Users\Administrator\Desktop\UNTITLED\manager-server\app.js:39:18
    at processTicksAndRejections (node:internal/process/task_queues:96:5)
    at async C:\Users\Administrator\Desktop\UNTITLED\manager-server\app.js:36:3
    at async serve (C:\Users\Administrator\Desktop\UNTITLED\manager-server\node_modules\.pnpm\koa-static@5.0.0\node_modules\koa-static\index.js:53:9)
    at async bodyParser (C:\Users\Administrator\Desktop\UNTITLED\manager-server\node_modules\.pnpm\koa-bodyparser@4.3.0\node_modules\koa-bodyparser\index.js:95:5)
[2022-02-26T17:30:21.714] [ERROR] error - ReferenceError: util is not defined
    at C:\Users\Administrator\Desktop\UNTITLED\manager-server\app.js:39:18
    at async C:\Users\Administrator\Desktop\UNTITLED\manager-server\app.js:36:3
    at async serve (C:\Users\Administrator\Desktop\UNTITLED\manager-server\node_modules\.pnpm\koa-static@5.0.0\node_modules\koa-static\index.js:53:9)
    at async bodyParser (C:\Users\Administrator\Desktop\UNTITLED\manager-server\node_modules\.pnpm\koa-bodyparser@4.3.0\node_modules\koa-bodyparser\index.js:95:5)
[2022-02-26T17:30:21.722] [ERROR] error - ReferenceError: util is not defined
    at C:\Users\Administrator\Desktop\UNTITLED\manager-server\app.js:39:18
    at async C:\Users\Administrator\Desktop\UNTITLED\manager-server\app.js:36:3
    at async serve (C:\Users\Administrator\Desktop\UNTITLED\manager-server\node_modules\.pnpm\koa-static@5.0.0\node_modules\koa-static\index.js:53:9)
    at async bodyParser (C:\Users\Administrator\Desktop\UNTITLED\manager-server\node_modules\.pnpm\koa-bodyparser@4.3.0\node_modules\koa-bodyparser\index.js:95:5)
[2022-02-26T17:31:24.711] [ERROR] error - ReferenceError: util is not defined
    at C:\Users\Administrator\Desktop\UNTITLED\manager-server\app.js:39:18
    at async C:\Users\Administrator\Desktop\UNTITLED\manager-server\app.js:36:3
    at async serve (C:\Users\Administrator\Desktop\UNTITLED\manager-server\node_modules\.pnpm\koa-static@5.0.0\node_modules\koa-static\index.js:53:9)
    at async bodyParser (C:\Users\Administrator\Desktop\UNTITLED\manager-server\node_modules\.pnpm\koa-bodyparser@4.3.0\node_modules\koa-bodyparser\index.js:95:5)
[2022-02-26T17:31:24.716] [ERROR] error - ReferenceError: util is not defined
    at C:\Users\Administrator\Desktop\UNTITLED\manager-server\app.js:39:18
    at async C:\Users\Administrator\Desktop\UNTITLED\manager-server\app.js:36:3
    at async serve (C:\Users\Administrator\Desktop\UNTITLED\manager-server\node_modules\.pnpm\koa-static@5.0.0\node_modules\koa-static\index.js:53:9)
    at async bodyParser (C:\Users\Administrator\Desktop\UNTITLED\manager-server\node_modules\.pnpm\koa-bodyparser@4.3.0\node_modules\koa-bodyparser\index.js:95:5)
[2022-02-26T17:32:07.324] [ERROR] error - ReferenceError: util is not defined
    at C:\Users\Administrator\Desktop\UNTITLED\manager-server\app.js:39:18
    at async C:\Users\Administrator\Desktop\UNTITLED\manager-server\app.js:36:3
    at async serve (C:\Users\Administrator\Desktop\UNTITLED\manager-server\node_modules\.pnpm\koa-static@5.0.0\node_modules\koa-static\index.js:53:9)
    at async bodyParser (C:\Users\Administrator\Desktop\UNTITLED\manager-server\node_modules\.pnpm\koa-bodyparser@4.3.0\node_modules\koa-bodyparser\index.js:95:5)
[2022-02-26T17:32:07.328] [ERROR] error - ReferenceError: util is not defined
    at C:\Users\Administrator\Desktop\UNTITLED\manager-server\app.js:39:18
    at async C:\Users\Administrator\Desktop\UNTITLED\manager-server\app.js:36:3
    at async serve (C:\Users\Administrator\Desktop\UNTITLED\manager-server\node_modules\.pnpm\koa-static@5.0.0\node_modules\koa-static\index.js:53:9)
    at async bodyParser (C:\Users\Administrator\Desktop\UNTITLED\manager-server\node_modules\.pnpm\koa-bodyparser@4.3.0\node_modules\koa-bodyparser\index.js:95:5)
[2022-02-26T17:32:11.045] [ERROR] error - ReferenceError: util is not defined
    at C:\Users\Administrator\Desktop\UNTITLED\manager-server\app.js:39:18
    at async C:\Users\Administrator\Desktop\UNTITLED\manager-server\app.js:36:3
    at async serve (C:\Users\Administrator\Desktop\UNTITLED\manager-server\node_modules\.pnpm\koa-static@5.0.0\node_modules\koa-static\index.js:53:9)
    at async bodyParser (C:\Users\Administrator\Desktop\UNTITLED\manager-server\node_modules\.pnpm\koa-bodyparser@4.3.0\node_modules\koa-bodyparser\index.js:95:5)
[2022-02-26T17:32:11.048] [ERROR] error - ReferenceError: util is not defined
    at C:\Users\Administrator\Desktop\UNTITLED\manager-server\app.js:39:18
    at async C:\Users\Administrator\Desktop\UNTITLED\manager-server\app.js:36:3
    at async serve (C:\Users\Administrator\Desktop\UNTITLED\manager-server\node_modules\.pnpm\koa-static@5.0.0\node_modules\koa-static\index.js:53:9)
    at async bodyParser (C:\Users\Administrator\Desktop\UNTITLED\manager-server\node_modules\.pnpm\koa-bodyparser@4.3.0\node_modules\koa-bodyparser\index.js:95:5)
[2022-02-26T17:32:12.437] [ERROR] error - ReferenceError: util is not defined
    at C:\Users\Administrator\Desktop\UNTITLED\manager-server\app.js:39:18
    at async C:\Users\Administrator\Desktop\UNTITLED\manager-server\app.js:36:3
    at async serve (C:\Users\Administrator\Desktop\UNTITLED\manager-server\node_modules\.pnpm\koa-static@5.0.0\node_modules\koa-static\index.js:53:9)
    at async bodyParser (C:\Users\Administrator\Desktop\UNTITLED\manager-server\node_modules\.pnpm\koa-bodyparser@4.3.0\node_modules\koa-bodyparser\index.js:95:5)
[2022-02-26T17:32:12.441] [ERROR] error - ReferenceError: util is not defined
    at C:\Users\Administrator\Desktop\UNTITLED\manager-server\app.js:39:18
    at async C:\Users\Administrator\Desktop\UNTITLED\manager-server\app.js:36:3
    at async serve (C:\Users\Administrator\Desktop\UNTITLED\manager-server\node_modules\.pnpm\koa-static@5.0.0\node_modules\koa-static\index.js:53:9)
    at async bodyParser (C:\Users\Administrator\Desktop\UNTITLED\manager-server\node_modules\.pnpm\koa-bodyparser@4.3.0\node_modules\koa-bodyparser\index.js:95:5)
[2022-02-26T17:32:23.697] [ERROR] error - ReferenceError: util is not defined
    at C:\Users\Administrator\Desktop\UNTITLED\manager-server\app.js:39:18
    at processTicksAndRejections (node:internal/process/task_queues:96:5)
    at async C:\Users\Administrator\Desktop\UNTITLED\manager-server\app.js:36:3
    at async serve (C:\Users\Administrator\Desktop\UNTITLED\manager-server\node_modules\.pnpm\koa-static@5.0.0\node_modules\koa-static\index.js:53:9)
    at async bodyParser (C:\Users\Administrator\Desktop\UNTITLED\manager-server\node_modules\.pnpm\koa-bodyparser@4.3.0\node_modules\koa-bodyparser\index.js:95:5)
[2022-02-26T17:32:27.891] [ERROR] error - ReferenceError: util is not defined
    at C:\Users\Administrator\Desktop\UNTITLED\manager-server\app.js:39:18
    at processTicksAndRejections (node:internal/process/task_queues:96:5)
    at async C:\Users\Administrator\Desktop\UNTITLED\manager-server\app.js:36:3
    at async serve (C:\Users\Administrator\Desktop\UNTITLED\manager-server\node_modules\.pnpm\koa-static@5.0.0\node_modules\koa-static\index.js:53:9)
    at async bodyParser (C:\Users\Administrator\Desktop\UNTITLED\manager-server\node_modules\.pnpm\koa-bodyparser@4.3.0\node_modules\koa-bodyparser\index.js:95:5)
[2022-02-26T17:34:06.937] [ERROR] error - ***数据库连接失败***
[2022-02-26T17:36:48.842] [ERROR] error - ***数据库连接失败***
