[2022-03-03T19:09:06.211] [ERROR] error - TypeError: Converting circular structure to JSON
    --> starting at object with constructor 'Topology'
    |     property 's' -> object with constructor 'Object'
    |     property 'sessionPool' -> object with constructor 'ServerSessionPool'
    --- property 'topology' closes the circle
    at JSON.stringify (<anonymous>)
    at C:\Users\Administrator\Desktop\UNTITLED\manager-server\node_modules\.pnpm\koa-json@2.0.2\node_modules\koa-json\index.js:50:32
    at processTicksAndRejections (node:internal/process/task_queues:96:5)
    at async bodyParser (C:\Users\Administrator\Desktop\UNTITLED\manager-server\node_modules\.pnpm\koa-bodyparser@4.3.0\node_modules\koa-bodyparser\index.js:95:5)
[2022-03-03T21:43:03.396] [ERROR] error - ReferenceError: ctx is not defined
    at C:\Users\Administrator\Desktop\UNTITLED\manager-server\routes\roles.js:77:35
    at dispatch (C:\Users\Administrator\Desktop\UNTITLED\manager-server\node_modules\.pnpm\koa-compose@3.2.1\node_modules\koa-compose\index.js:44:32)
    at next (C:\Users\Administrator\Desktop\UNTITLED\manager-server\node_modules\.pnpm\koa-compose@3.2.1\node_modules\koa-compose\index.js:45:18)
    at C:\Users\Administrator\Desktop\UNTITLED\manager-server\node_modules\.pnpm\koa-router@7.4.0\node_modules\koa-router\lib\router.js:346:16
    at dispatch (C:\Users\Administrator\Desktop\UNTITLED\manager-server\node_modules\.pnpm\koa-compose@3.2.1\node_modules\koa-compose\index.js:44:32)
    at next (C:\Users\Administrator\Desktop\UNTITLED\manager-server\node_modules\.pnpm\koa-compose@3.2.1\node_modules\koa-compose\index.js:45:18)
    at allowedMethods (C:\Users\Administrator\Desktop\UNTITLED\manager-server\node_modules\.pnpm\koa-router@7.4.0\node_modules\koa-router\lib\router.js:407:12)
    at dispatch (C:\Users\Administrator\Desktop\UNTITLED\manager-server\node_modules\.pnpm\koa-compose@3.2.1\node_modules\koa-compose\index.js:44:32)
    at next (C:\Users\Administrator\Desktop\UNTITLED\manager-server\node_modules\.pnpm\koa-compose@3.2.1\node_modules\koa-compose\index.js:45:18)
    at C:\Users\Administrator\Desktop\UNTITLED\manager-server\node_modules\.pnpm\koa-router@7.4.0\node_modules\koa-router\lib\router.js:346:16
    at dispatch (C:\Users\Administrator\Desktop\UNTITLED\manager-server\node_modules\.pnpm\koa-compose@3.2.1\node_modules\koa-compose\index.js:44:32)
    at next (C:\Users\Administrator\Desktop\UNTITLED\manager-server\node_modules\.pnpm\koa-compose@3.2.1\node_modules\koa-compose\index.js:45:18)
    at allowedMethods (C:\Users\Administrator\Desktop\UNTITLED\manager-server\node_modules\.pnpm\koa-router@7.4.0\node_modules\koa-router\lib\router.js:407:12)
    at dispatch (C:\Users\Administrator\Desktop\UNTITLED\manager-server\node_modules\.pnpm\koa-compose@3.2.1\node_modules\koa-compose\index.js:44:32)
    at next (C:\Users\Administrator\Desktop\UNTITLED\manager-server\node_modules\.pnpm\koa-compose@3.2.1\node_modules\koa-compose\index.js:45:18)
    at C:\Users\Administrator\Desktop\UNTITLED\manager-server\node_modules\.pnpm\koa-router@7.4.0\node_modules\koa-router\lib\router.js:346:16
